<?xml version="1.0" encoding="UTF-8"?>
<!-- Generated by org.testng.reporters.JUnitReportReporter -->
<testsuite hostname="DESKTOP-9KBGIMS" failures="0" tests="3" name="com.CRM.testcases.HomePageTestCase" time="1.257" errors="0" timestamp="2025-01-26T22:34:49 IST" skipped="0">
  <testcase classname="com.CRM.testcases.HomePageTestCase" name="verifyUrl" time="0.019"/>
  <system-out/>
  <testcase classname="com.CRM.testcases.HomePageTestCase" name="verifyTitle" time="0.011"/>
  <system-out/>
  <testcase classname="com.CRM.testcases.HomePageTestCase" name="validateSigninLink" time="1.227"/>
  <system-out/>
</testsuite> <!-- com.CRM.testcases.HomePageTestCase -->
