<?xml version="1.0" encoding="UTF-8"?>
<!-- Generated by org.testng.reporters.JUnitReportReporter -->
<testsuite hostname="DESKTOP-9KBGIMS" failures="0" tests="3" name="com.CRM.testcases.HomePageTestCase" time="0.788" errors="0" timestamp="2025-01-28T17:09:10 IST" skipped="0">
  <testcase classname="com.CRM.testcases.HomePageTestCase" name="verifyUrl" time="0.012"/>
  <system-out/>
  <testcase classname="com.CRM.testcases.HomePageTestCase" name="verifyTitle" time="0.008"/>
  <system-out/>
  <testcase classname="com.CRM.testcases.HomePageTestCase" name="validateSigninLink" time="0.768"/>
  <system-out/>
</testsuite> <!-- com.CRM.testcases.HomePageTestCase -->
