<?xml version="1.0" encoding="UTF-8"?>
<!-- Generated by org.testng.reporters.JUnitReportReporter -->
<testsuite hostname="DESKTOP-9KBGIMS" failures="0" tests="1" name="com.CRM.testcases.LoginPageTestCase" time="0.872" errors="0" timestamp="2025-01-28T17:09:10 IST" skipped="0">
  <testcase classname="com.CRM.testcases.LoginPageTestCase" name="validateLogin" time="0.872"/>
  <system-out/>
</testsuite> <!-- com.CRM.testcases.LoginPageTestCase -->
