<?xml version="1.0" encoding="UTF-8"?>
<!-- Generated by org.testng.reporters.JUnitReportReporter -->
<testsuite hostname="DESKTOP-9KBGIMS" failures="0" tests="1" name="com.CRM.testcases.LoginPageTestCase" time="1.196" errors="0" timestamp="2025-01-26T22:34:49 IST" skipped="0">
  <testcase classname="com.CRM.testcases.LoginPageTestCase" name="validateLogin" time="1.196"/>
  <system-out/>
</testsuite> <!-- com.CRM.testcases.LoginPageTestCase -->
